GROUP,PACKAGE,CLASS,INSTRUCTION_MISSED,INSTRUCTION_COVERED,BRANCH_MISSED,BRANCH_COVERED,LINE_MISSED,LINE_COVERED,COMPLEXITY_MISSED,COMPLEXITY_COVERED,METHOD_MISSED,METHOD_COVERED
"Unit Test Spring, JUnit y Mockito",com.tutorialesvip.tutorialunittest,Application,0,8,0,0,0,3,0,2,0,2
"Unit Test Spring, JUnit y Mockito",com.tutorialesvip.tutorialunittest.models,EmpleadoResponse,15,30,0,0,5,14,5,8,5,8
"Unit Test Spring, JUnit y Mockito",com.tutorialesvip.tutorialunittest.models,Empleado,4,24,0,0,2,10,1,7,1,7
"Unit Test Spring, JUnit y Mockito",com.tutorialesvip.tutorialunittest.controller,EmpleadoController,0,83,0,2,0,16,0,3,0,2
"Unit Test Spring, JUnit y Mockito",com.tutorialesvip.tutorialunittest.util,DiferenciaEntreFechas,0,16,0,0,0,5,0,2,0,2
